<?xml version="1.0" encoding="UTF-8"?>
<!-- Generated by org.testng.reporters.JUnitXMLReporter -->
<testsuite hostname="SOUMYA-PC" name="Test" tests="3" failures="0" timestamp="4 Jun 2018 10:44:44 GMT" time="0.188" errors="0">
  <testcase name="CreateTest" time="0.046" classname="com.TestNG1.CreateCustomerTest"/>
  <testcase name="DeleteCustomerTest" time="0.0" classname="com.TestNG1.PriorityTest"/>
  <testcase name="DeleteCustomerTest" time="0.0" classname="com.TestNG1.InvocationCountTest"/>
</testsuite> <!-- Test -->
