<?xml version="1.0" encoding="UTF-8"?>
<!-- Generated by org.testng.reporters.JUnitXMLReporter -->
<testsuite hostname="SOUMYA-PC" name="Default test" tests="4" failures="0" timestamp="28 Jul 2018 16:48:01 GMT" time="87.755" errors="0">
  <testcase name="takeScreenshot" time="7.207" classname="com.Guru99Bank.Task6"/>
  <testcase name="takeScreenshot" time="3.092" classname="com.Guru99Bank.Task6"/>
  <testcase name="takeScreenshot" time="2.756" classname="com.Guru99Bank.Task6"/>
  <testcase name="takeScreenshot" time="2.452" classname="com.Guru99Bank.Task6"/>
</testsuite> <!-- Default test -->
